[2026-03-13 13:00:48,273] multiqc                                            [DEBUG  ]  This is MultiQC v1.18
[2026-03-13 13:00:48,274] multiqc                                            [DEBUG  ]  Command used: /usr/bin/multiqc outputs
[2026-03-13 13:00:48,691] multiqc                                            [WARNING]  MultiQC Version v1.33 now available!
[2026-03-13 13:00:48,692] multiqc                                            [DEBUG  ]  Working dir : /home/genetics/HW1
[2026-03-13 13:00:48,692] multiqc                                            [DEBUG  ]  Template    : default
[2026-03-13 13:00:48,692] multiqc                                            [DEBUG  ]  Running Python 3.12.3 (main, Mar  3 2026, 12:15:18) [GCC 13.3.0]
[2026-03-13 13:00:48,693] multiqc                                            [DEBUG  ]  Analysing modules: custom_content, ccs, ngsderive, purple, conpair, lima, peddy, somalier, methylQA, mosdepth, phantompeakqualtools, qualimap, preseq, hifiasm, quast, qorts, rna_seqc, rockhopper, rsem, rseqc, busco, bustools, goleft_indexcov, gffcompare, disambiguate, supernova, deeptools, sargasso, verifybamid, mirtrace, happy, mirtop, sambamba, gopeaks, homer, hops, macs2, theta2, snpeff, gatk, htseq, bcftools, featureCounts, fgbio, dragen, dragen_fastqc, dedup, pbmarkdup, damageprofiler, mapdamage, biobambam2, jcvi, mtnucratio, picard, vep, bakta, prokka, qc3C, nanostat, samblaster, samtools, sexdeterrmine, seqera_cli, eigenstratdatabasetools, bamtools, jellyfish, vcftools, longranger, stacks, varscan2, snippy, umitools, truvari, bbmap, bismark, biscuit, diamond, hicexplorer, hicup, hicpro, salmon, kallisto, slamdunk, star, hisat2, tophat, bowtie2, bowtie1, cellranger, snpsplit, odgi, pangolin, nextclade, freyja, humid, kat, leehom, librarian, adapterRemoval, bbduk, clipandmerge, cutadapt, flexbar, sourmash, kaiju, bracken, kraken, malt, motus, trimmomatic, sickle, skewer, sortmerna, biobloomtools, fastq_screen, afterqc, fastp, fastqc, filtlong, prinseqplusplus, pychopper, porechop, pycoqc, minionqc, anglerfish, multivcfanalyzer, clusterflow, checkqc, bcl2fastq, bclconvert, interop, ivar, flash, seqyclean, optitype, whatshap, xenome, xengsort
[2026-03-13 13:00:48,693] multiqc                                            [DEBUG  ]  Using temporary directory for creating report: /tmp/tmpvz4bi2pf
[2026-03-13 13:00:48,723] multiqc                                            [INFO   ]  Search path : /home/genetics/HW1/outputs
[2026-03-13 13:00:49,082] multiqc                                            [DEBUG  ]  Summary of files that were skipped by the search: [skipped_module_specific_max_filesize: 74] // [skipped_no_match: 27] // [skipped_ignore_pattern: 10] // [skipped_filesize_limit: 1]
[2026-03-13 13:00:49,430] multiqc.plots.bargraph                             [DEBUG  ]  Using matplotlib version 3.6.3
[2026-03-13 13:00:49,431] multiqc.plots.linegraph                            [DEBUG  ]  Using matplotlib version 3.6.3
[2026-03-13 13:00:49,432] multiqc                                            [DEBUG  ]  No samples found: custom_content
[2026-03-13 13:00:49,464] multiqc.modules.rseqc.rseqc                        [INFO   ]  Found 1 gene_body_coverage reports
[2026-03-13 13:00:49,474] multiqc.modules.rseqc.rseqc                        [INFO   ]  Found 1 inner_distance reports
[2026-03-13 13:00:49,482] multiqc.modules.rseqc.rseqc                        [INFO   ]  Found 1 infer_experiment reports
[2026-03-13 13:00:49,496] multiqc.utils.software_versions                    [DEBUG  ]  Reading software versions from config.software_versions
[2026-03-13 13:00:49,497] multiqc                                            [DEBUG  ]  Compressing plot data
[2026-03-13 13:00:49,513] multiqc                                            [INFO   ]  Report      : multiqc_report.html
[2026-03-13 13:00:49,514] multiqc                                            [INFO   ]  Data        : multiqc_data
[2026-03-13 13:00:49,514] multiqc                                            [DEBUG  ]  Moving data file from '/tmp/tmpvz4bi2pf/multiqc_data' to '/home/genetics/HW1/multiqc_data'
[2026-03-13 13:00:49,529] multiqc                                            [DEBUG  ]  Full report path: /home/genetics/HW1/multiqc_report.html
[2026-03-13 13:00:49,785] multiqc                                            [ERROR  ]  Could not include file 'assets/js/packages/jszip.min.js': [Errno 2] No such file or directory: '/tmp/tmpvz4bi2pf/assets/js/packages/jszip.min.js'
[2026-03-13 13:00:49,836] multiqc                                            [INFO   ]  MultiQC complete
