(base) genetics@valdovas:~/HW1$ s
s: command not found
(base) genetics@valdovas:~/HW1$ ls
log.txt  mapped_quality_assesment  mapping_outputs  outputs  qc  qc_trimmed  raw_data  reads_trimmed  references  script.sh
(base) genetics@valdovas:~/HW1$ history
    1  ls
    2  ls snap
    3  pwd
    4  exiy
    5  exit
    6  ssh genetics@10.133.13.105
    7  pwd
    8  tmux
    9  ssh-keygen -t ed25519 -C "lukas.kuprys@gmc.stud.vu.lt"
   10  cd .ssh
   11  cat id_ed25519.pub
   12  exit
   13  ssh-keygen -t ed25519 -C "lukas.kuprys@gmc.stud.vu.lt"
   14  cd .ssh
   15  ls
   16  cat id_ed25519
   17  cat id_ed25519.pub
   18  tmux detach
   19  ssh-keygen -t ed25519 -C "rokas.stumbrys@gmc.stud.vu.lt"
   20  ssh genetics@10.133.13.105
   21  ssh genetics@10.133.13.103
   22  ip a
   23  ssh genetics@10.133.13.102
   24  ssh genetics@10.113.13.105
   25  bash ./miniconda.sh
   26  conda create -n rseqc_env
   27  conda activate rseqc_env
   28  conda install -c bioconda rseqc
   29  conda deactivate
   30  conda create -n deeptools_env
   31  conda activate deeptools_env
   32  conda install bioconda::deeptools
   33  conda env list
   34  pwd
   35  ls
   36  tmux
   37  exit
   38  tmux
   39  exit
   40  cd ..
   41  cd shared
   42  cd Mapping_files/
   43  ls
   44  cd ..
   45  ls
   46  cd ..
   47  ls
   48  cd shared
   49  ls
   50  cd Mapping_files/
   51  ls
   52  clear
   53  cd ..
   54  ls
   55  mv NC_000913.fasta Mapping_files/NC_000913.fasta
   56  chmNC_000913.fasta
   57  cp NC_000913.fasta Mapping_files/NC_000913.fasta
   58  ls
   59  cd Mapping_files/
   60  ls
   61  tmux
   62  ls
   63  cd ..
   64  ls
   65  cd raw_data
   66  history
   67  ls
   68  ls shared
   69  ls
   70  cd Mapping_files
   71  ls
   72  cd shared/
   73  ls
   74  cd Mapping_files/
   75  ls
   76  history
   77  ls
   78  ls *.bam
   79  ls *.sam
   80  history
   81  ls
   82  cd ..
   83  ls
   84  history
   85  ls
   86  cd ..
   87  ls
   88  cd shared
   89  ls
   90  ls RawFiles/
   91  cd ~
   92  ls
   93  ls raw_data/
   94  trim_galore - reads_trimmed -j 8 --quality 20 --length 20 --paried raw_data/SRR11647705_1.fastq raw_data/SRR116477_05_2.fastq
   95  trim_galore - reads_trimmed -j 8 --quality 20 --length 20 --paired raw_data/SRR11647705_1.fastq raw_data/SRR116477_05_2.fastq
   96  ls raw_data
   97  trim_galore - reads_trimmed -j 8 --quality 20 --length 20 --paired raw_data/SRR11647705_1.fastq.gz raw_data/SRR116477_05_2.fastq.gz
   98  echo hi
   99  pwd
  100  ls
  101  cd raw_data/
  102  pwd
  103  ls
  104  cd ../
  105  ls
  106  cd reference/
  107  ls
  108  cd ..
  109  ls qc
  110  ls
  111  ls snap
  112  ls reference/
  113  history
  114  pwd
  115  exit
  116  ls
  117  ls qc
  118  qc
  119  ls
  120  ls reference/
  121  ls
  122  git pull http://github.com/lu-kup/HW1.git
  123  git clone http://github.com/lu-kup/HW1.git
  124  ls
  125  cd HW1/
  126  ls
  127  git status
  128  ls -l --block-size=M
  129  ls ../raw_data/ -l --block-size=M
  130  ls .. -l --block-size=M
  131  ls ../raw_data/ -l --block-size=M
  132  ls ../reference/ -l --block-size=M
  133  touch .gitignore
  134  ls
  135  ls -a
  136  ls
  137  cd HW1/
  138  ls
  139  ls r
  140  ls raw_data/
  141  zcat raw_data/SRR11647705_1.fastq | head
  142  zcat raw_data/SRR11647705_1.fastq.gz | head
  143  zcat raw_data/SRR11647706_1.fastq.gz | head
  144  zcat raw_data/SRR11647706_1.fastq.gz
  145  ls
  146  cd raw_data/
  147  ls
  148  gzip SRR11647705_1.fastq
  149  ls
  150  zcat SRR116477* | wc -l
  151  zcat SRR11647705_1 | wc-l
  152  zcat SRR11647705_1.fastq.gz | wc-l
  153  zcat SRR11647705_1.fastq.gz | wc -l
  154  zcat SRR11647705_2.fastq.gz | wc -l
  155  zcat SRR11647706_1.fastq.gz | wc -l
  156  zcat SRR11647706_2.fastq.gz | wc -l
  157  zcat SRR11647707_1.fastq.gz | wc -l
  158  zcat SRR11647707_2.fastq.gz | wc -l
  159  zcat SRR11647708_1.fastq.gz | wc -l
  160  zcat SRR11647709_1.fastq.gz | wc -l
  161  zcat SRR11647710_1.fastq.gz | wc -l
  162  ls
  163  cd ..
  164  ls re
  165  ls references/
  166  cd references/
  167  ls
  168  wget https://ftp.ebi.ac.uk/pub/databases/gencode/Gencode_human/release_19/gencode.v19.annotation.gtf.gz
  169  ls
  170  ls -l
  171  wget https://ftp.ebi.ac.uk/pub/databases/gencode/Gencode_human/release_19/GRCh37.p13.genome.fa.gz
  172  ls -lh
  173  zcat GRCh38.primary_assembly.genome.fa.gz | head
  174  zcat GRCh38.primary_assembly.genome.fa.gz | grep '^>'
  175  cd ..
  176  ls
  177  cd raw_data/
  178  ls
  179  cc ../..
  180  cd ..
  181  ls
  182  cd snap
  183  ls
  184  cd ..
  185  ls qc
  186  ls
  187  cd HW1/
  188  mkdir qc
  189  fastqc raw_data/*.fastq.gz -t 8 -o qc
  190  touch script.sh
  191  ls
  192  ls
  193  cd HW1/
  194  cd raw_data/
  195  ls
  196  cd ../..
  197  ls
  198  history
  199  ls
  200  cd qc
  201  history
  202  cd ..
  203  cd HW1/
  204  ls
  205  ls references/
  206  ls
  207  cd ..
  208  ls
  209  mv raw_data HW1/raw_data
  210  ls HW1/
  211  ls HW1/raw_data
  212  mv refrence HW1/references
  213  ls
  214  mv reference HW1/references
  215  ls HW1/references/
  216  cd HW1/
  217  ls
  218  git status
  219  git add -A
  220  git commit -m "add git ignore"
  221  git config --global user.email "luk.kuprys@gmail.com"
  222  git commit -m "add git ignore"
  223  git push
  224  git log
  225  cat raw_data/SRR11647705_1.fastq.gz
  226  head raw_data/SRR11647705_1.fastq.gz
  227  gzip raw_data/SRR11647705_1.fastq.gz | head
  228  gunzip raw_data/SRR11647705_1.fastq.gz | head
  229  ls
  230  history
  231  ls
  232  cd ..
  233  ls
  234  echo hi
  235  ls
  236  cd HW1/
  237  ls
  238  cd raw_data/
  239  ls
  240  history
  241  trim_galore -o reads_trimmed -j 8 --quality 20 --length 20 --paired raw_data/SRR11647705_1.fastq.gz raw_data/SRR11647705_2.fastq.gz
  242  cd ..
  243  trim_galore -o reads_trimmed -j 8 --quality 20 --length 20 --paired raw_data/SRR11647705_1.fastq.gz raw_data/SRR11647705_2.fastq.gz
  244  trim_galore -o reads_trimmed -j 8 --quality 20 --length 20 --paired raw_data/SRR11647706_1.fastq.gz raw_data/SRR11647706_2.fastq.gz
  245  trim_galore -o reads_trimmed -j 8 --quality 20 --length 20 --paired raw_data/SRR11647707_1.fastq.gz raw_data/SRR11647707_2.fastq.gz
  246  trim_galore -o reads_trimmed -j 8 --quality 20 --length 20 --paired raw_data/SRR11647708_1.fastq.gz raw_data/SRR11647708_2.fastq.gz
  247  trim_galore -o reads_trimmed -j 8 --quality 20 --length 20 --paired raw_data/SRR11647709_1.fastq.gz raw_data/SRR11647709_2.fastq.gz
  248  trim_galore -o reads_trimmed -j 8 --quality 20 --length 20 --paired raw_data/SRR11647710_1.fastq.gz raw_data/SRR11647710_2.fastq.gz
  249  mkdir qc_trimmed
  250  fastqc reads_trimmed/*.fq.gz -t 8 -o qc_trimmed
  251  hisat2-build references/GRCh38.primary_assembly.genome.fa.gz references/indexed
  252  cd ..
  253  ls
  254  gunzip references/GRCh38.primary_assembly.genome.fa.gz
  255  cd HW1/
  256  gunzip references/GRCh38.primary_assembly.genome.fa.gz
  257  hisat2-build references/GRCh38.primary_assembly.genome.fa references/indexed
  258  ls
  259  cd HW1/
  260  tmux
  261  echo hi
  262  hisat2 -q -x references/indexed -1 reads_trimmed/SRR11647705_1_val_1.fq.gz -2 reads_trimmed/SRR11647705_2_val_2.fq.gz -S SRR11647705.sam
  263  hisat2 -q  -p 8-x references/indexed -1 reads_trimmed/SRR11647705_1_val_1.fq.gz -2 reads_trimmed/SRR11647705_2_val_2.fq.gz -S SRR11647705
.samm --verbose
  264  tmux
  265  git status
  266  git push
  267  clear
  268  tmux
  269  s
  270  ls
  271  history
(base) genetics@valdovas:~/HW1$ tmux capture-pane -S - -p > tmux_logs.out

