#rname	startpos	endpos	numreads	covbases	coverage	meandepth	meanbaseq	meanmapq
chr1	1	248956422	4483785	18314852	7.35665	2.68611	36.2	58.1
chr2	1	242193529	2190092	12548384	5.18114	1.34718	36.2	58
chr3	1	198295559	2034746	10218994	5.15342	1.53067	36.2	58.8
chr4	1	190214555	673659	5825425	3.06255	0.528272	36.2	59
chr5	1	181538259	1915317	9608334	5.29273	1.57371	36.2	58.4
chr6	1	170805979	1863633	8396094	4.91557	1.62711	36.2	57.7
chr7	1	159345973	1960961	9481516	5.95027	1.83516	36.2	58.1
chr8	1	145138636	1215538	6472724	4.45968	1.24904	36.2	58.7
chr9	1	138394717	1907664	8297788	5.99574	2.0559	36.2	58.1
chr10	1	133797422	1253167	7448865	5.56727	1.39718	36.2	58.6
chr11	1	135086622	3139144	9444438	6.99139	3.46683	36.2	57.9
chr12	1	133275309	2718712	9008173	6.75907	3.04233	36.2	57.8
chr13	1	114364328	570205	3672456	3.21119	0.743649	36.1	58.8
chr14	1	107043718	955685	5175782	4.8352	1.3316	36.2	59
chr15	1	101991189	1221241	6017322	5.89984	1.78609	36.2	58.3
chr16	1	90338345	1935268	7930198	8.77833	3.19506	36.2	57
chr17	1	83257441	2639576	9713749	11.6671	4.72708	36.2	58.7
chr18	1	80373285	295359	2584123	3.21515	0.548171	36.2	58.8
chr19	1	58617616	2547943	8442257	14.4023	6.48155	36.2	58.6
chr20	1	64444167	1139069	4507533	6.99448	2.63628	36.2	58.8
chr21	1	46709983	688535	2992334	6.4062	2.19883	36.1	32.8
chr22	1	50818468	776289	3983470	7.83863	2.27753	36.2	58.8
chrX	1	156040895	1427944	6065412	3.88707	1.36506	36.2	56.9
chrY	1	57227415	27346	235066	0.410758	0.0712177	36.2	8.78
chrM	1	16569	3904427	16569	100	35120.6	36	59.5
GL000008.2	1	209709	53	4417	2.10625	0.0376522	36.1	43.2
GL000009.2	1	201709	1387	42403	21.0219	1.02468	36.2	54.9
GL000194.1	1	191469	1725	31357	16.3771	1.34218	36.2	50.1
GL000195.1	1	182896	2677	61457	33.6022	2.17824	36.1	41.8
GL000205.2	1	185591	1264	37151	20.0177	1.0134	36	25.9
GL000213.1	1	164239	31	2735	1.66526	0.0280689	36.2	8.61
GL000214.1	1	137718	1134	27239	19.7788	1.22654	35.9	6.73
GL000216.2	1	176608	4	445	0.25197	0.00335772	34.9	60
GL000218.1	1	161147	1820	36034	22.3609	1.6825	36.2	54.3
GL000219.1	1	179198	283	8237	4.59659	0.235137	36.2	58.5
GL000220.1	1	161802	97849	57905	35.7876	90.2239	36	2.21
GL000221.1	1	155397	86	8314	5.35017	0.0824212	36.3	24.9
GL000224.1	1	179693	18	1552	0.863695	0.0149644	36.5	46.8
GL000225.1	1	211173	2	148	0.0700847	0.00140169	36.3	60
KI270330.1	1	1652	2	282	17.0702	0.170702	35.1	60
KI270438.1	1	112505	4	203	0.180436	0.00523532	34.5	60
KI270442.1	1	392061	23	1412	0.360148	0.00873589	35.6	41.7
KI270466.1	1	1233	13	382	30.9813	1.53528	36.2	60
KI270467.1	1	3920	3	449	11.4541	0.114541	36.2	40
KI270519.1	1	138126	2	219	0.158551	0.00216469	34.4	60
KI270706.1	1	175055	635	30596	17.4779	0.54015	36.2	53.5
KI270707.1	1	32032	29	3170	9.89635	0.135115	36.1	53.9
KI270709.1	1	66860	2	142	0.212384	0.00415794	36.5	0
KI270711.1	1	42210	1063	13828	32.76	3.74463	36.2	28.3
KI270712.1	1	176043	20	1908	1.08383	0.0168425	35.5	6.9
KI270713.1	1	40745	81	5947	14.5957	0.295693	35.8	43.2
KI270714.1	1	41717	86	5431	13.0187	0.306182	36.2	55.9
KI270717.1	1	40062	8	1197	2.98787	0.0298787	36.7	1
KI270718.1	1	38054	31	2492	6.54859	0.121065	36.3	16
KI270719.1	1	176845	20	1889	1.06817	0.0163363	35.7	21.4
KI270720.1	1	39050	9	907	2.32266	0.0341869	36.1	53.3
KI270721.1	1	100316	25704	12333	12.2942	38.2292	36	1.2
KI270722.1	1	194050	39	3715	1.91446	0.0298531	36	55.4
KI270723.1	1	38115	4	213	0.558835	0.0157418	37	60
KI270724.1	1	39555	7	692	1.74946	0.0264189	36	60
KI270725.1	1	172810	8	816	0.472195	0.00689196	36.4	30.5
KI270727.1	1	448248	28	3216	0.71746	0.00932073	36.4	19.9
KI270728.1	1	1872759	26	1196	0.063863	0.00207234	36.3	23.7
KI270729.1	1	280839	1	150	0.0534114	0.000534114	35.6	60
KI270731.1	1	150754	90	3949	2.6195	0.0884819	36.3	19.3
KI270733.1	1	179772	110840	53632	29.8333	91.9734	35.9	6.87
KI270734.1	1	165050	988	17914	10.8537	0.892051	36.4	19.9
KI270738.1	1	99375	5	302	0.303899	0.00751698	36.8	12.8
KI270741.1	1	157432	2	297	0.188653	0.00188653	36.4	0.5
KI270742.1	1	186739	297	18804	10.0697	0.23611	36.2	41.5
KI270743.1	1	210658	156	9024	4.28372	0.108997	36.3	47.1
KI270744.1	1	168472	1123	26502	15.7308	0.991737	35.9	45.5
KI270745.1	1	41891	203	9663	23.067	0.720561	35.9	11.7
KI270746.1	1	66486	1	150	0.225611	0.00225611	36.4	1
KI270748.1	1	93321	28	2907	3.11505	0.0445237	36.2	15.5
KI270749.1	1	158759	1	150	0.0944828	0.000944828	36.6	60
KI270750.1	1	148850	2	297	0.19953	0.0019953	35.6	60
KI270751.1	1	150742	890	24599	16.3186	0.880358	36.1	4.07
KI270754.1	1	40191	73	4103	10.2088	0.270409	36.4	27.6
KI270755.1	1	36723	27	2557	6.96294	0.107943	35.1	53.4
GL000208.1	1	92689	0	0	0	0	0	0
GL000226.1	1	15008	0	0	0	0	0	0
KI270302.1	1	2274	0	0	0	0	0	0
KI270303.1	1	1942	0	0	0	0	0	0
KI270304.1	1	2165	0	0	0	0	0	0
KI270305.1	1	1472	0	0	0	0	0	0
KI270310.1	1	1201	0	0	0	0	0	0
KI270311.1	1	12399	0	0	0	0	0	0
KI270312.1	1	998	0	0	0	0	0	0
KI270315.1	1	2276	0	0	0	0	0	0
KI270316.1	1	1444	0	0	0	0	0	0
KI270317.1	1	37690	0	0	0	0	0	0
KI270320.1	1	4416	0	0	0	0	0	0
KI270322.1	1	21476	0	0	0	0	0	0
KI270329.1	1	1040	0	0	0	0	0	0
KI270333.1	1	2699	0	0	0	0	0	0
KI270334.1	1	1368	0	0	0	0	0	0
KI270335.1	1	1048	0	0	0	0	0	0
KI270336.1	1	1026	0	0	0	0	0	0
KI270337.1	1	1121	0	0	0	0	0	0
KI270338.1	1	1428	0	0	0	0	0	0
KI270340.1	1	1428	0	0	0	0	0	0
KI270362.1	1	3530	0	0	0	0	0	0
KI270363.1	1	1803	0	0	0	0	0	0
KI270364.1	1	2855	0	0	0	0	0	0
KI270366.1	1	8320	0	0	0	0	0	0
KI270371.1	1	2805	0	0	0	0	0	0
KI270372.1	1	1650	0	0	0	0	0	0
KI270373.1	1	1451	0	0	0	0	0	0
KI270374.1	1	2656	0	0	0	0	0	0
KI270375.1	1	2378	0	0	0	0	0	0
KI270376.1	1	1136	0	0	0	0	0	0
KI270378.1	1	1048	0	0	0	0	0	0
KI270379.1	1	1045	0	0	0	0	0	0
KI270381.1	1	1930	0	0	0	0	0	0
KI270382.1	1	4215	0	0	0	0	0	0
KI270383.1	1	1750	0	0	0	0	0	0
KI270384.1	1	1658	0	0	0	0	0	0
KI270385.1	1	990	0	0	0	0	0	0
KI270386.1	1	1788	0	0	0	0	0	0
KI270387.1	1	1537	0	0	0	0	0	0
KI270388.1	1	1216	0	0	0	0	0	0
KI270389.1	1	1298	0	0	0	0	0	0
KI270390.1	1	2387	0	0	0	0	0	0
KI270391.1	1	1484	0	0	0	0	0	0
KI270392.1	1	971	0	0	0	0	0	0
KI270393.1	1	1308	0	0	0	0	0	0
KI270394.1	1	970	0	0	0	0	0	0
KI270395.1	1	1143	0	0	0	0	0	0
KI270396.1	1	1880	0	0	0	0	0	0
KI270411.1	1	2646	0	0	0	0	0	0
KI270412.1	1	1179	0	0	0	0	0	0
KI270414.1	1	2489	0	0	0	0	0	0
KI270417.1	1	2043	0	0	0	0	0	0
KI270418.1	1	2145	0	0	0	0	0	0
KI270419.1	1	1029	0	0	0	0	0	0
KI270420.1	1	2321	0	0	0	0	0	0
KI270422.1	1	1445	0	0	0	0	0	0
KI270423.1	1	981	0	0	0	0	0	0
KI270424.1	1	2140	0	0	0	0	0	0
KI270425.1	1	1884	0	0	0	0	0	0
KI270429.1	1	1361	0	0	0	0	0	0
KI270435.1	1	92983	0	0	0	0	0	0
KI270448.1	1	7992	0	0	0	0	0	0
KI270465.1	1	1774	0	0	0	0	0	0
KI270468.1	1	4055	0	0	0	0	0	0
KI270507.1	1	5353	0	0	0	0	0	0
KI270508.1	1	1951	0	0	0	0	0	0
KI270509.1	1	2318	0	0	0	0	0	0
KI270510.1	1	2415	0	0	0	0	0	0
KI270511.1	1	8127	0	0	0	0	0	0
KI270512.1	1	22689	0	0	0	0	0	0
KI270515.1	1	6361	0	0	0	0	0	0
KI270516.1	1	1300	0	0	0	0	0	0
KI270517.1	1	3253	0	0	0	0	0	0
KI270518.1	1	2186	0	0	0	0	0	0
KI270521.1	1	7642	0	0	0	0	0	0
KI270522.1	1	5674	0	0	0	0	0	0
KI270528.1	1	2983	0	0	0	0	0	0
KI270529.1	1	1899	0	0	0	0	0	0
KI270530.1	1	2168	0	0	0	0	0	0
KI270538.1	1	91309	0	0	0	0	0	0
KI270539.1	1	993	0	0	0	0	0	0
KI270544.1	1	1202	0	0	0	0	0	0
KI270548.1	1	1599	0	0	0	0	0	0
KI270579.1	1	31033	0	0	0	0	0	0
KI270580.1	1	1553	0	0	0	0	0	0
KI270581.1	1	7046	0	0	0	0	0	0
KI270582.1	1	6504	0	0	0	0	0	0
KI270583.1	1	1400	0	0	0	0	0	0
KI270584.1	1	4513	0	0	0	0	0	0
KI270587.1	1	2969	0	0	0	0	0	0
KI270588.1	1	6158	0	0	0	0	0	0
KI270589.1	1	44474	0	0	0	0	0	0
KI270590.1	1	4685	0	0	0	0	0	0
KI270591.1	1	5796	0	0	0	0	0	0
KI270593.1	1	3041	0	0	0	0	0	0
KI270708.1	1	127682	0	0	0	0	0	0
KI270710.1	1	40176	0	0	0	0	0	0
KI270715.1	1	161471	0	0	0	0	0	0
KI270716.1	1	153799	0	0	0	0	0	0
KI270726.1	1	43739	0	0	0	0	0	0
KI270730.1	1	112551	0	0	0	0	0	0
KI270732.1	1	41543	0	0	0	0	0	0
KI270735.1	1	42811	0	0	0	0	0	0
KI270736.1	1	181920	0	0	0	0	0	0
KI270737.1	1	103838	0	0	0	0	0	0
KI270739.1	1	73985	0	0	0	0	0	0
KI270740.1	1	37240	0	0	0	0	0	0
KI270747.1	1	198735	0	0	0	0	0	0
KI270752.1	1	27745	0	0	0	0	0	0
KI270753.1	1	62944	0	0	0	0	0	0
KI270756.1	1	79590	0	0	0	0	0	0
KI270757.1	1	71251	0	0	0	0	0	0
