#rname	startpos	endpos	numreads	covbases	coverage	meandepth	meanbaseq	meanmapq
chr1	1	248956422	4404626	19138635	7.68754	2.63885	36.2	58.1
chr2	1	242193529	2010118	12980499	5.35956	1.23627	36.2	58.1
chr3	1	198295559	2063479	10631359	5.36137	1.55229	36.2	58.7
chr4	1	190214555	657799	6098053	3.20588	0.515873	36.2	59.1
chr5	1	181538259	1910326	9842856	5.42192	1.56961	36.2	58.4
chr6	1	170805979	2080859	8742218	5.11822	1.81675	36.3	57.4
chr7	1	159345973	1693453	9678297	6.07376	1.58493	36.2	58.1
chr8	1	145138636	1280230	6631037	4.56876	1.31569	36.2	58.4
chr9	1	138394717	2045775	8713729	6.29629	2.2049	36.2	58
chr10	1	133797422	1254608	7898910	5.90363	1.39881	36.2	58.7
chr11	1	135086622	3060846	10075951	7.45888	3.38047	36.2	58.5
chr12	1	133275309	2630758	9371282	7.03152	2.94339	36.2	57.9
chr13	1	114364328	594807	3855194	3.37098	0.775811	36.2	58.8
chr14	1	107043718	927189	5489303	5.12809	1.29187	36.2	59
chr15	1	101991189	1270431	6349733	6.22577	1.85817	36.2	58.3
chr16	1	90338345	2088893	8510407	9.42059	3.44886	36.2	57
chr17	1	83257441	2756022	10502606	12.6146	4.93543	36.2	58.7
chr18	1	80373285	298815	2760631	3.43476	0.554623	36.2	58.7
chr19	1	58617616	2894033	8990838	15.3381	7.3622	36.2	58.5
chr20	1	64444167	1125091	4795985	7.44208	2.60405	36.2	59
chr21	1	46709983	891194	3123183	6.68633	2.84631	36.1	26.5
chr22	1	50818468	820639	4332985	8.5264	2.40744	36.2	58.9
chrX	1	156040895	1501965	6302364	4.03892	1.43584	36.2	56.5
chrY	1	57227415	40240	243105	0.424805	0.104853	36.2	6.46
chrM	1	16569	2256359	16569	100	20301.1	36	59.6
GL000008.2	1	209709	47	4913	2.34277	0.0333939	35.9	29.8
GL000009.2	1	201709	835	34928	17.316	0.614757	36.1	54
GL000194.1	1	191469	1944	28940	15.1147	1.51076	36.2	51.3
GL000195.1	1	182896	2564	58760	32.1275	2.08751	36.1	39.3
GL000205.2	1	185591	1411	37935	20.4401	1.13222	36.1	31
GL000213.1	1	164239	18	1665	1.01377	0.0163664	35.9	7.56
GL000214.1	1	137718	452	21781	15.8157	0.487358	35.7	14.5
GL000216.2	1	176608	1	144	0.0815365	0.000815365	35.1	60
GL000218.1	1	161147	2060	38698	24.0141	1.90245	36.2	54.3
GL000219.1	1	179198	309	5688	3.17414	0.257045	36.2	57.9
GL000220.1	1	161802	181273	54514	33.6918	167.114	36	1.93
GL000221.1	1	155397	92	7758	4.99237	0.0877108	36.3	37.5
GL000224.1	1	179693	26	2635	1.46639	0.0214477	36.2	44.1
GL000225.1	1	211173	1	149	0.0705583	0.000705583	36.5	60
KI270330.1	1	1652	1	149	9.01937	0.0901937	36.4	60
KI270435.1	1	92983	2	146	0.157018	0.00314036	36.7	60
KI270442.1	1	392061	39	1595	0.406824	0.0147477	36.4	56.9
KI270448.1	1	7992	4	228	2.85285	0.0725726	36.2	60
KI270466.1	1	1233	1	148	12.0032	0.120032	36.7	60
KI270467.1	1	3920	6	350	8.92857	0.227041	36.7	60
KI270706.1	1	175055	602	29987	17.13	0.512679	36.1	55
KI270707.1	1	32032	29	2497	7.79533	0.134272	36.5	60
KI270709.1	1	66860	1	140	0.209393	0.00209393	35.2	0
KI270711.1	1	42210	644	13304	31.5186	2.27062	36.1	31.5
KI270712.1	1	176043	23	2361	1.34115	0.0190351	35.9	8.48
KI270713.1	1	40745	77	6172	15.1479	0.280353	36.2	46.1
KI270714.1	1	41717	167	7801	18.6998	0.596687	36.2	56.1
KI270717.1	1	40062	4	586	1.46273	0.0148769	36.6	1
KI270718.1	1	38054	16	1356	3.56336	0.0624901	36.1	45.2
KI270719.1	1	176845	10	1023	0.578473	0.00841415	36.7	18.7
KI270720.1	1	39050	2	149	0.381562	0.00763124	36.7	60
KI270721.1	1	100316	9916	16898	16.8448	14.748	36.1	1.45
KI270722.1	1	194050	51	4311	2.22159	0.0389539	36.2	60
KI270723.1	1	38115	4	479	1.25672	0.0155844	36.7	60
KI270725.1	1	172810	3	326	0.188646	0.00258087	36.9	60
KI270727.1	1	448248	62	5348	1.19309	0.0205578	36	16.2
KI270728.1	1	1872759	38	2592	0.138405	0.00299665	36.2	41.4
KI270729.1	1	280839	4	448	0.159522	0.00212221	35.9	30
KI270731.1	1	150754	90	3484	2.31105	0.0881436	36	19.3
KI270733.1	1	179772	231450	52619	29.2699	192.042	36	12.7
KI270734.1	1	165050	597	13539	8.20297	0.539649	36.3	23.6
KI270738.1	1	99375	7	856	0.861384	0.0103849	36.3	60
KI270742.1	1	186739	160	13496	7.2272	0.127595	36.3	36.4
KI270743.1	1	210658	192	10265	4.87283	0.135091	36.2	44.3
KI270744.1	1	168472	926	25037	14.8612	0.817661	36	37.8
KI270745.1	1	41891	338	13171	31.4411	1.19613	35.9	19.4
KI270747.1	1	198735	4	317	0.159509	0.00296375	36.1	0.75
KI270748.1	1	93321	26	1961	2.10135	0.0413519	36.1	23.7
KI270749.1	1	158759	3	365	0.229908	0.00267701	34.6	40.3
KI270750.1	1	148850	6	582	0.390998	0.00600605	36.2	60
KI270751.1	1	150742	332	17550	11.6424	0.329032	36.2	4.87
KI270753.1	1	62944	6	600	0.953228	0.0142984	36.2	40.3
KI270754.1	1	40191	81	6219	15.4736	0.299371	36.5	39.6
KI270755.1	1	36723	16	1558	4.24257	0.0651091	36.7	45.2
GL000208.1	1	92689	0	0	0	0	0	0
GL000226.1	1	15008	0	0	0	0	0	0
KI270302.1	1	2274	0	0	0	0	0	0
KI270303.1	1	1942	0	0	0	0	0	0
KI270304.1	1	2165	0	0	0	0	0	0
KI270305.1	1	1472	0	0	0	0	0	0
KI270310.1	1	1201	0	0	0	0	0	0
KI270311.1	1	12399	0	0	0	0	0	0
KI270312.1	1	998	0	0	0	0	0	0
KI270315.1	1	2276	0	0	0	0	0	0
KI270316.1	1	1444	0	0	0	0	0	0
KI270317.1	1	37690	0	0	0	0	0	0
KI270320.1	1	4416	0	0	0	0	0	0
KI270322.1	1	21476	0	0	0	0	0	0
KI270329.1	1	1040	0	0	0	0	0	0
KI270333.1	1	2699	0	0	0	0	0	0
KI270334.1	1	1368	0	0	0	0	0	0
KI270335.1	1	1048	0	0	0	0	0	0
KI270336.1	1	1026	0	0	0	0	0	0
KI270337.1	1	1121	0	0	0	0	0	0
KI270338.1	1	1428	0	0	0	0	0	0
KI270340.1	1	1428	0	0	0	0	0	0
KI270362.1	1	3530	0	0	0	0	0	0
KI270363.1	1	1803	0	0	0	0	0	0
KI270364.1	1	2855	0	0	0	0	0	0
KI270366.1	1	8320	0	0	0	0	0	0
KI270371.1	1	2805	0	0	0	0	0	0
KI270372.1	1	1650	0	0	0	0	0	0
KI270373.1	1	1451	0	0	0	0	0	0
KI270374.1	1	2656	0	0	0	0	0	0
KI270375.1	1	2378	0	0	0	0	0	0
KI270376.1	1	1136	0	0	0	0	0	0
KI270378.1	1	1048	0	0	0	0	0	0
KI270379.1	1	1045	0	0	0	0	0	0
KI270381.1	1	1930	0	0	0	0	0	0
KI270382.1	1	4215	0	0	0	0	0	0
KI270383.1	1	1750	0	0	0	0	0	0
KI270384.1	1	1658	0	0	0	0	0	0
KI270385.1	1	990	0	0	0	0	0	0
KI270386.1	1	1788	0	0	0	0	0	0
KI270387.1	1	1537	0	0	0	0	0	0
KI270388.1	1	1216	0	0	0	0	0	0
KI270389.1	1	1298	0	0	0	0	0	0
KI270390.1	1	2387	0	0	0	0	0	0
KI270391.1	1	1484	0	0	0	0	0	0
KI270392.1	1	971	0	0	0	0	0	0
KI270393.1	1	1308	0	0	0	0	0	0
KI270394.1	1	970	0	0	0	0	0	0
KI270395.1	1	1143	0	0	0	0	0	0
KI270396.1	1	1880	0	0	0	0	0	0
KI270411.1	1	2646	0	0	0	0	0	0
KI270412.1	1	1179	0	0	0	0	0	0
KI270414.1	1	2489	0	0	0	0	0	0
KI270417.1	1	2043	0	0	0	0	0	0
KI270418.1	1	2145	0	0	0	0	0	0
KI270419.1	1	1029	0	0	0	0	0	0
KI270420.1	1	2321	0	0	0	0	0	0
KI270422.1	1	1445	0	0	0	0	0	0
KI270423.1	1	981	0	0	0	0	0	0
KI270424.1	1	2140	0	0	0	0	0	0
KI270425.1	1	1884	0	0	0	0	0	0
KI270429.1	1	1361	0	0	0	0	0	0
KI270438.1	1	112505	0	0	0	0	0	0
KI270465.1	1	1774	0	0	0	0	0	0
KI270468.1	1	4055	0	0	0	0	0	0
KI270507.1	1	5353	0	0	0	0	0	0
KI270508.1	1	1951	0	0	0	0	0	0
KI270509.1	1	2318	0	0	0	0	0	0
KI270510.1	1	2415	0	0	0	0	0	0
KI270511.1	1	8127	0	0	0	0	0	0
KI270512.1	1	22689	0	0	0	0	0	0
KI270515.1	1	6361	0	0	0	0	0	0
KI270516.1	1	1300	0	0	0	0	0	0
KI270517.1	1	3253	0	0	0	0	0	0
KI270518.1	1	2186	0	0	0	0	0	0
KI270519.1	1	138126	0	0	0	0	0	0
KI270521.1	1	7642	0	0	0	0	0	0
KI270522.1	1	5674	0	0	0	0	0	0
KI270528.1	1	2983	0	0	0	0	0	0
KI270529.1	1	1899	0	0	0	0	0	0
KI270530.1	1	2168	0	0	0	0	0	0
KI270538.1	1	91309	0	0	0	0	0	0
KI270539.1	1	993	0	0	0	0	0	0
KI270544.1	1	1202	0	0	0	0	0	0
KI270548.1	1	1599	0	0	0	0	0	0
KI270579.1	1	31033	0	0	0	0	0	0
KI270580.1	1	1553	0	0	0	0	0	0
KI270581.1	1	7046	0	0	0	0	0	0
KI270582.1	1	6504	0	0	0	0	0	0
KI270583.1	1	1400	0	0	0	0	0	0
KI270584.1	1	4513	0	0	0	0	0	0
KI270587.1	1	2969	0	0	0	0	0	0
KI270588.1	1	6158	0	0	0	0	0	0
KI270589.1	1	44474	0	0	0	0	0	0
KI270590.1	1	4685	0	0	0	0	0	0
KI270591.1	1	5796	0	0	0	0	0	0
KI270593.1	1	3041	0	0	0	0	0	0
KI270708.1	1	127682	0	0	0	0	0	0
KI270710.1	1	40176	0	0	0	0	0	0
KI270715.1	1	161471	0	0	0	0	0	0
KI270716.1	1	153799	0	0	0	0	0	0
KI270724.1	1	39555	0	0	0	0	0	0
KI270726.1	1	43739	0	0	0	0	0	0
KI270730.1	1	112551	0	0	0	0	0	0
KI270732.1	1	41543	0	0	0	0	0	0
KI270735.1	1	42811	0	0	0	0	0	0
KI270736.1	1	181920	0	0	0	0	0	0
KI270737.1	1	103838	0	0	0	0	0	0
KI270739.1	1	73985	0	0	0	0	0	0
KI270740.1	1	37240	0	0	0	0	0	0
KI270741.1	1	157432	0	0	0	0	0	0
KI270746.1	1	66486	0	0	0	0	0	0
KI270752.1	1	27745	0	0	0	0	0	0
KI270756.1	1	79590	0	0	0	0	0	0
KI270757.1	1	71251	0	0	0	0	0	0
